*********2014-12-27 12:34:16.767 load system module*********
**load dbcp data source**
*********2014-12-27 12:34:16.882 load task unit*********
----please choice a execute unit:----
2014-12-27 12:34:35.147--BBB--start execute
2014-12-27 12:34:35.150--BBB--execute successed
----please choice a execute unit:----
2014-12-27 12:34:38.404--AAA--start execute
2014-12-27 12:34:38.406--AAA--execute successed
----please choice a execute unit:----
2014-12-27 12:34:41.503--BBB--start execute
2014-12-27 12:34:41.504--BBB--execute successed
----please choice a execute unit:----
----please choice a execute unit:----
*********2014-12-27 12:35:06.518 close system module*********
**close dbcp data source**
*********2014-12-27 15:30:22.707 load system module*********
**load dbcp data source**
*********2014-12-27 15:30:22.929 load task unit*********
----please choice a execute unit:----
*********2014-12-27 15:36:40.383 加载系统模块 *********
**load dbcp data source**
*********2014-12-27 15:36:40.449 load task unit*********
----please choice a execute unit:----
*********2014-12-27 15:39:20.647 加载系统模块*********
**load dbcp data source**
*********2014-12-27 15:39:20.700 加载任务单元*********
----please choice a execute unit:----
*********2014-12-27 15:41:07.562 加载系统模块*********
**load dbcp data source**
*********2014-12-27 15:41:07.615 加载任务单元*********
----please choice a execute unit:----
*********2014-12-27 15:41:59.273 关闭系统模块*********
**close dbcp data source**
*********2014-12-27 15:44:45.155 加载系统模块*********
**加载 dbcp data source**
*********2014-12-27 15:44:45.208 加载任务单元*********
----please choice a execute unit:----
*********2014-12-27 15:44:56.899 关闭系统模块*********
**关闭 dbcp data source**
*********2014-12-27 15:46:33.100 加载系统模块*********
**加载 dbcp data source**
*********2014-12-27 15:46:33.145 加载任务单元*********
----请选择一个执行单元----
*********2014-12-27 15:52:11.896 load system module*********
**load dbcp data source**
*********2014-12-27 15:52:11.943 load task unit*********
----please choice a execute unit----
*********2014-12-27 15:52:25.762 load system module*********
**load dbcp data source**
*********2014-12-27 15:52:25.811 load task unit*********
----please choice a execute unit----
*********2014-12-27 15:57:28.402 load system module*********
**load dbcp data source**
*********2014-12-27 15:57:28.470 load task unit*********
----please choice a execute unit----
*********2014-12-27 16:00:32.107 加载系统模块*********
**加载 dbcp data source**
*********2014-12-27 16:00:32.160 加载业务单元*********
----选择执行单元----
2014-12-27 16:00:41.130--BBB--开始执行
2014-12-27 16:00:41.133--BBB--执行成功
----选择执行单元----
----选择执行单元----
*********2014-12-27 16:01:48.683 加载系统模块*********
**加载 dbcp data source**
*********2014-12-27 16:01:48.740 加载业务单元*********
----选择执行单元----
2014-12-27 16:01:54.393--BBB--开始执行
2014-12-27 16:01:54.395--BBB--执行成功
----选择执行单元----
2014-12-27 16:02:03.135--BBB--开始执行
2014-12-27 16:02:03.137--BBB--执行成功
----选择执行单元----
2014-12-27 16:02:08.994--BBB--开始执行
2014-12-27 16:02:08.995--BBB--执行成功
----选择执行单元----
*********2014-12-27 16:02:47.086 加载系统模块*********
**加载 dbcp data source**
*********2014-12-27 16:02:47.140 加载业务单元*********
----选择执行单元----
----选择执行单元----
*********2014-12-27 16:03:44.265 加载系统模块*********
**加载 dbcp data source**
*********2014-12-27 16:03:44.327 加载业务单元*********
----选择执行单元----
*********2014-12-27 16:04:07.890 加载系统模块*********
**加载 dbcp data source**
*********2014-12-27 16:04:07.942 加载业务单元*********
----选择执行单元----
----选择执行单元----
2014-12-27 16:04:30.479--BBB--开始执行
2014-12-27 16:04:30.481--BBB--执行成功
----选择执行单元----
2014-12-27 16:04:38.142--BBB--开始执行
2014-12-27 16:04:38.144--BBB--执行成功
----选择执行单元----
----选择执行单元----
*********2014-12-27 16:05:52.035 加载系统模块*********
**加载 dbcp data source**
*********2014-12-27 16:05:52.087 加载业务单元*********
----选择执行单元----
*********2014-12-27 16:06:14.373 加载系统模块*********
**加载 dbcp data source**
*********2014-12-27 16:06:14.421 加载业务单元*********
----选择执行单元----
----选择执行单元----
----选择执行单元----
*********2014-12-27 16:16:50.267 加载系统模块*********
**加载 dbcp data source**
*********2014-12-27 16:16:50.322 加载业务单元*********
----选择执行单元----
----选择执行单元----
*********2014-12-27 16:17:43.041 加载系统模块*********
**加载 dbcp data source**
*********2014-12-27 16:17:43.084 加载业务单元*********
----选择执行单元----
*********2014-12-27 16:22:09.675 加载系统模块*********
**加载 dbcp data source**
*********2014-12-27 16:22:09.717 加载业务单元*********
----选择执行单元----
----选择执行单元----
*********2014-12-27 16:23:25.229 加载系统模块*********
**加载 dbcp data source**
*********2014-12-27 16:23:25.275 加载业务单元*********
----选择执行单元----
2014-12-27 16:23:27.778--BBB--开始执行
2014-12-27 16:23:27.779--BBB--执行成功
----选择执行单元----
----选择执行单元----
*********2014-12-27 16:25:15.430 加载系统模块*********
**加载 dbcp data source**
*********2014-12-27 16:25:15.474 加载业务单元*********
----选择执行单元----
2014-12-27 16:25:19.157--BBB--开始执行
2014-12-27 16:25:19.158--BBB--执行成功
----选择执行单元----
----选择执行单元----
2014-12-27 16:26:25.216--BBB--开始执行
2014-12-27 16:26:25.217--BBB--执行成功
----选择执行单元----
*********2014-12-27 16:26:31.209 关闭系统模块*********
**关闭 dbcp data source**
*********2014-12-27 16:27:10.832 加载系统模块*********
**加载 dbcp data source**
*********2014-12-27 16:27:10.876 加载业务单元*********
2014-12-27 16:27:10.879--AAA--开始执行
2014-12-27 16:27:10.879--BBB--开始执行
2014-12-27 16:27:10.880--BBB--开始执行
2014-12-27 16:27:10.880--AAA--执行成功
2014-12-27 16:27:10.882--BBB--执行成功
2014-12-27 16:27:10.882--BBB--执行成功
2014-12-27 16:27:10.883--BBB--开始执行
2014-12-27 16:27:10.884--BBB--执行成功
*********2014-12-27 16:27:10.884 关闭系统模块*********
**关闭 dbcp data source**
*********2014-12-27 16:27:51.284 加载系统模块*********
**加载 dbcp data source**
*********2014-12-27 16:27:51.334 加载业务单元*********
2014-12-27 16:27:51.339--AAA--开始执行
2014-12-27 16:27:51.341--111--开始执行
2014-12-27 16:27:51.339--333--开始执行
2014-12-27 16:27:51.344--111--执行成功
2014-12-27 16:27:51.344--333--执行成功
2014-12-27 16:27:51.346--BB222B--开始执行
2014-12-27 16:27:51.347--BB222B--执行成功
2014-12-27 16:27:51.346--AAA--执行成功
*********2014-12-27 16:27:51.349 关闭系统模块*********
**关闭 dbcp data source**
*********2014-12-27 16:28:22.163 加载系统模块*********
**加载 dbcp data source**
*********2014-12-27 16:28:22.203 加载业务单元*********
----选择执行单元----
2014-12-27 16:28:26.354--333--开始执行
2014-12-27 16:28:26.356--333--执行成功
----选择执行单元----
2014-12-27 16:28:34.309--AAA--开始执行
2014-12-27 16:28:34.311--AAA--执行成功
----选择执行单元----
2014-12-27 16:28:40.344--333--开始执行
2014-12-27 16:28:40.345--333--执行成功
----选择执行单元----
*********2014-12-27 16:32:24.388 加载系统模块*********
**加载 dbcp data source**
*********2014-12-27 16:32:24.429 加载业务单元*********
----选择执行单元----
2014-12-27 16:32:30.048--111--开始执行
2014-12-27 16:32:30.050--111--执行成功
----选择执行单元----
2014-12-27 16:32:32.335--333--开始执行
2014-12-27 16:32:32.336--333--执行成功
----选择执行单元----
*********2014-12-27 16:32:55.525 加载系统模块*********
**加载 dbcp data source**
*********2014-12-27 16:32:55.565 加载业务单元*********
----选择执行单元----
----选择执行单元----
2014-12-27 16:33:00.468--111--开始执行
2014-12-27 16:33:00.469--111--执行成功
----选择执行单元----
2014-12-27 16:33:03.050--333--开始执行
2014-12-27 16:33:03.051--333--执行成功
----选择执行单元----
2014-12-27 16:33:05.532--AAA--开始执行
2014-12-27 16:33:05.535--AAA--执行成功
----选择执行单元----
2014-12-27 16:33:10.358--111--开始执行
2014-12-27 16:33:10.358--111--执行成功
----选择执行单元----
----选择执行单元----
----选择执行单元----
*********2014-12-27 16:41:21.724 加载系统模块*********
**加载 dbcp data source**
*********2014-12-27 16:41:21.772 加载业务单元*********
----选择执行单元----
2014-12-27 16:41:26.830--AAA--开始执行
2014-12-27 16:41:26.832--AAA--执行失败
错误信息：
java.lang.ArithmeticException: / by zero
	at com.lxq.batch.task.impl.AAA.execute(AAA.java:19)
	at com.lxq.batch.task.interf.AbstractTaskUnit.run(AbstractTaskUnit.java:58)
	at java.lang.Thread.run(Thread.java:662)
----选择执行单元----
2014-12-27 16:41:39.781--AAA--开始执行
2014-12-27 16:41:39.783--AAA--执行失败
错误信息：
java.lang.ArithmeticException: / by zero
	at com.lxq.batch.task.impl.AAA.execute(AAA.java:19)
	at com.lxq.batch.task.interf.AbstractTaskUnit.run(AbstractTaskUnit.java:58)
	at java.lang.Thread.run(Thread.java:662)
----选择执行单元----
2014-12-27 16:41:41.901--111--开始执行
2014-12-27 16:41:41.905--111--执行成功
----选择执行单元----
